2023-08-22 15:46:34,910 INFO 16336 [egg:logger] init all loggers with options: {"dir":"C:\\proj\\micro-blog\\egg-server\\logs\\egg-server","encoding":"utf8","env":"local","level":"INFO","consoleLevel":"INFO","disableConsoleAfterReady":false,"outputJSON":false,"buffer":true,"appLogName":"egg-server-web.log","coreLogName":"egg-web.log","agentLogName":"egg-agent.log","errorLogName":"common-error.log","coreLogger":{"consoleLevel":"WARN"},"allowDebugAtProd":false,"enablePerformanceTimer":false,"enableFastContextLogger":false,"type":"application","localStorage":{"enabled":false,"_onPropagate":null}}
2023-08-22 15:46:34,910 INFO 16336 [egg-multipart] stream mode enable
2023-08-22 15:46:35,630 INFO 16336 [egg-static] starting static serve /public/ -> C:\proj\micro-blog\egg-server\app\public
2023-08-22 15:46:35,639 INFO 16336 [egg-security] use csrf middleware
2023-08-22 15:46:35,646 INFO 16336 [egg-security] use methodnoallow middleware
2023-08-22 15:46:35,654 INFO 16336 [egg-security] use noopen middleware
2023-08-22 15:46:35,661 INFO 16336 [egg-security] use nosniff middleware
2023-08-22 15:46:35,667 INFO 16336 [egg-security] use xssProtection middleware
2023-08-22 15:46:35,675 INFO 16336 [egg-security] use xframe middleware
2023-08-22 15:46:35,676 INFO 16336 [egg-security] use dta middleware
2023-08-22 15:46:35,676 INFO 16336 [egg-security] compose 7 middlewares into one security middleware
2023-08-22 15:46:35,695 INFO 16336 [egg:core] dump config after load, 3ms
2023-08-22 15:46:35,708 INFO 16336 [egg-watcher:application] watcher start success
2023-08-22 15:46:35,716 INFO 16336 egg start timeline:
▇▇▇▇▇▇▇▇▇▇▇ [402ms] - #0 Process Start
           ▇▇▇▇▇▇▇▇▇▇▇▇▇▇▇▇▇▇▇▇▇▇▇▇▇▇▇▇▇▇▇▇▇▇▇▇▇▇ [1345ms] - #1 Application Start
           ▇ [8ms] - #2 Load Plugin
           ▇ [12ms] - #3 Load Config
           ▇ [0ms] - #4 Require(0) config/config.default.js
            ▇ [0ms] - #5 Require(1) node_modules/egg-session/config/config.default.js
            ▇ [1ms] - #6 Require(2) node_modules/egg-security/config/config.default.js
            ▇ [1ms] - #7 Require(3) node_modules/egg-jsonp/config/config.default.js
            ▇ [0ms] - #8 Require(4) node_modules/egg-onerror/config/config.default.js
            ▇ [0ms] - #9 Require(5) node_modules/egg-i18n/config/config.default.js
            ▇ [0ms] - #10 Require(6) node_modules/egg-watcher/config/config.default.js
            ▇ [0ms] - #11 Require(7) node_modules/egg-schedule/config/config.default.js
            ▇ [0ms] - #12 Require(8) node_modules/egg-multipart/config/config.default.js
            ▇ [1ms] - #13 Require(9) node_modules/egg-development/config/config.default.js
            ▇ [0ms] - #14 Require(10) node_modules/egg-logrotator/config/config.default.js
            ▇ [0ms] - #15 Require(11) node_modules/egg-static/config/config.default.js
            ▇ [0ms] - #16 Require(12) node_modules/egg-view/config/config.default.js
            ▇ [1ms] - #17 Require(13) node_modules/egg/config/config.default.js
            ▇ [0ms] - #18 Require(14) config/config.default.js
            ▇ [0ms] - #19 Require(15) node_modules/egg-security/config/config.local.js
            ▇ [0ms] - #20 Require(16) node_modules/egg-watcher/config/config.local.js
            ▇ [0ms] - #21 Require(17) node_modules/egg-view/config/config.local.js
            ▇ [1ms] - #22 Require(18) node_modules/egg/config/config.local.js
            ▇▇ [76ms] - #23 Load extend/application.js
            ▇ [9ms] - #24 Require(19) node_modules/egg-session/app/extend/application.js
            ▇ [14ms] - #25 Require(20) node_modules/egg-security/app/extend/application.js
            ▇ [10ms] - #26 Require(21) node_modules/egg-jsonp/app/extend/application.js
             ▇ [15ms] - #27 Require(22) node_modules/egg-schedule/app/extend/application.js
             ▇ [9ms] - #28 Require(23) node_modules/egg-logrotator/app/extend/application.js
              ▇ [15ms] - #29 Require(24) node_modules/egg-view/app/extend/application.js
              ▇ [12ms] - #30 Load extend/request.js
              ▇ [10ms] - #31 Require(25) node_modules/egg/app/extend/request.js
              ▇ [21ms] - #32 Load extend/response.js
              ▇ [19ms] - #33 Require(26) node_modules/egg/app/extend/response.js
               ▇ [18ms] - #34 Load extend/context.js
               ▇ [5ms] - #35 Require(27) node_modules/egg-security/app/extend/context.js
               ▇ [0ms] - #36 Require(28) node_modules/egg-jsonp/app/extend/context.js
               ▇ [0ms] - #37 Require(29) node_modules/egg-i18n/app/extend/context.js
               ▇ [7ms] - #38 Require(30) node_modules/egg-multipart/app/extend/context.js
               ▇ [1ms] - #39 Require(31) node_modules/egg-view/app/extend/context.js
               ▇ [1ms] - #40 Require(32) node_modules/egg/app/extend/context.js
               ▇▇▇▇▇ [176ms] - #41 Load extend/helper.js
               ▇▇▇▇ [164ms] - #42 Require(33) node_modules/egg-security/app/extend/helper.js
                    ▇ [8ms] - #43 Require(34) node_modules/egg/app/extend/helper.js
                    ▇▇▇▇▇ [210ms] - #44 Load app.js
                    ▇ [8ms] - #45 Require(35) node_modules/egg-session/app.js
                     ▇ [15ms] - #46 Require(36) node_modules/egg-security/app.js
                     ▇▇ [99ms] - #47 Require(37) node_modules/egg-onerror/app.js
                        ▇ [39ms] - #48 Require(38) node_modules/egg-i18n/app.js
                         ▇ [2ms] - #49 Require(39) node_modules/egg-watcher/app.js
                         ▇ [10ms] - #50 Require(40) node_modules/egg-schedule/app.js
                         ▇ [15ms] - #51 Require(41) node_modules/egg-multipart/app.js
                          ▇ [6ms] - #52 Require(42) node_modules/egg-development/app.js
                          ▇ [8ms] - #53 Require(43) node_modules/egg-logrotator/app.js
                          ▇ [5ms] - #54 Require(44) node_modules/egg-static/app.js
                           ▇▇▇▇▇▇▇▇▇▇▇▇▇▇▇▇▇▇▇▇▇▇ [775ms] - #55 Before Start in node_modules/egg-watcher/lib/init.js:15:14
                            ▇ [3ms] - #56 Load Service
                            ▇ [3ms] - #57 Load "service" to Context
                            ▇▇▇▇▇▇▇▇▇▇▇▇▇▇▇▇▇▇▇▇ [716ms] - #58 Load Middleware
                            ▇▇▇▇▇▇▇▇▇▇▇▇▇▇▇▇▇▇▇ [668ms] - #59 Load "middlewares" to Application
                                                ▇ [7ms] - #60 Load Controller
                                                ▇ [7ms] - #61 Load "controller" to Application
                                                 ▇ [9ms] - #62 Load Router
                                                 ▇ [4ms] - #63 Require(45) app/router.js
                                                 ▇ [9ms] - #64 Before Start in node_modules/egg-core/lib/egg.js:304:10
2023-08-22 15:46:35,716 INFO 16336 [egg:core] dump config after ready, 5ms
2023-08-22 15:48:08,850 INFO 20208 [egg:logger] init all loggers with options: {"dir":"C:\\proj\\micro-blog\\egg-server\\logs\\egg-server","encoding":"utf8","env":"local","level":"INFO","consoleLevel":"INFO","disableConsoleAfterReady":false,"outputJSON":false,"buffer":true,"appLogName":"egg-server-web.log","coreLogName":"egg-web.log","agentLogName":"egg-agent.log","errorLogName":"common-error.log","coreLogger":{"consoleLevel":"WARN"},"allowDebugAtProd":false,"enablePerformanceTimer":false,"enableFastContextLogger":false,"type":"application","localStorage":{"enabled":false,"_onPropagate":null}}
2023-08-22 15:48:08,850 INFO 20208 [egg-multipart] stream mode enable
2023-08-22 15:48:08,933 INFO 20208 [egg-static] starting static serve /public/ -> C:\proj\micro-blog\egg-server\app\public
2023-08-22 15:48:08,935 INFO 20208 [egg-security] use csrf middleware
2023-08-22 15:48:08,935 INFO 20208 [egg-security] use methodnoallow middleware
2023-08-22 15:48:08,936 INFO 20208 [egg-security] use noopen middleware
2023-08-22 15:48:08,936 INFO 20208 [egg-security] use nosniff middleware
2023-08-22 15:48:08,937 INFO 20208 [egg-security] use xssProtection middleware
2023-08-22 15:48:08,937 INFO 20208 [egg-security] use xframe middleware
2023-08-22 15:48:08,937 INFO 20208 [egg-security] use dta middleware
2023-08-22 15:48:08,938 INFO 20208 [egg-security] compose 7 middlewares into one security middleware
2023-08-22 15:48:08,954 INFO 20208 [egg:core] dump config after load, 3ms
2023-08-22 15:48:08,963 INFO 20208 [egg-watcher:application] watcher start success
2023-08-22 15:48:08,968 INFO 20208 egg start timeline:
▇▇▇▇▇▇▇▇▇▇▇▇▇▇▇▇▇▇▇▇▇▇▇▇▇▇▇▇▇▇▇▇ [406ms] - #0 Process Start
                                ▇▇▇▇▇▇▇▇▇▇▇▇▇▇▇▇ [210ms] - #1 Application Start
                                 ▇ [9ms] - #2 Load Plugin
                                  ▇ [11ms] - #3 Load Config
                                  ▇ [1ms] - #4 Require(0) config/config.default.js
                                  ▇ [0ms] - #5 Require(1) node_modules/egg-session/config/config.default.js
                                  ▇ [0ms] - #6 Require(2) node_modules/egg-security/config/config.default.js
                                  ▇ [0ms] - #7 Require(3) node_modules/egg-jsonp/config/config.default.js
                                  ▇ [0ms] - #8 Require(4) node_modules/egg-onerror/config/config.default.js
                                  ▇ [0ms] - #9 Require(5) node_modules/egg-i18n/config/config.default.js
                                  ▇ [1ms] - #10 Require(6) node_modules/egg-watcher/config/config.default.js
                                  ▇ [0ms] - #11 Require(7) node_modules/egg-schedule/config/config.default.js
                                  ▇ [0ms] - #12 Require(8) node_modules/egg-multipart/config/config.default.js
                                  ▇ [0ms] - #13 Require(9) node_modules/egg-development/config/config.default.js
                                  ▇ [1ms] - #14 Require(10) node_modules/egg-logrotator/config/config.default.js
                                  ▇ [0ms] - #15 Require(11) node_modules/egg-static/config/config.default.js
                                  ▇ [1ms] - #16 Require(12) node_modules/egg-view/config/config.default.js
                                  ▇ [0ms] - #17 Require(13) node_modules/egg/config/config.default.js
                                  ▇ [0ms] - #18 Require(14) config/config.default.js
                                  ▇ [0ms] - #19 Require(15) node_modules/egg-security/config/config.local.js
                                  ▇ [0ms] - #20 Require(16) node_modules/egg-watcher/config/config.local.js
                                  ▇ [1ms] - #21 Require(17) node_modules/egg-view/config/config.local.js
                                  ▇ [0ms] - #22 Require(18) node_modules/egg/config/config.local.js
                                   ▇ [10ms] - #23 Load extend/application.js
                                   ▇ [1ms] - #24 Require(19) node_modules/egg-session/app/extend/application.js
                                   ▇ [0ms] - #25 Require(20) node_modules/egg-security/app/extend/application.js
                                   ▇ [0ms] - #26 Require(21) node_modules/egg-jsonp/app/extend/application.js
                                   ▇ [1ms] - #27 Require(22) node_modules/egg-schedule/app/extend/application.js
                                   ▇ [4ms] - #28 Require(23) node_modules/egg-logrotator/app/extend/application.js
                                   ▇ [1ms] - #29 Require(24) node_modules/egg-view/app/extend/application.js
                                   ▇ [3ms] - #30 Load extend/request.js
                                    ▇ [0ms] - #31 Require(25) node_modules/egg/app/extend/request.js
                                    ▇ [3ms] - #32 Load extend/response.js
                                    ▇ [1ms] - #33 Require(26) node_modules/egg/app/extend/response.js
                                    ▇ [17ms] - #34 Load extend/context.js
                                    ▇ [5ms] - #35 Require(27) node_modules/egg-security/app/extend/context.js
                                    ▇ [0ms] - #36 Require(28) node_modules/egg-jsonp/app/extend/context.js
                                    ▇ [0ms] - #37 Require(29) node_modules/egg-i18n/app/extend/context.js
                                    ▇ [7ms] - #38 Require(30) node_modules/egg-multipart/app/extend/context.js
                                     ▇ [0ms] - #39 Require(31) node_modules/egg-view/app/extend/context.js
                                     ▇ [1ms] - #40 Require(32) node_modules/egg/app/extend/context.js
                                     ▇ [14ms] - #41 Load extend/helper.js
                                     ▇ [10ms] - #42 Require(33) node_modules/egg-security/app/extend/helper.js
                                      ▇ [1ms] - #43 Require(34) node_modules/egg/app/extend/helper.js
                                      ▇ [17ms] - #44 Load app.js
                                      ▇ [1ms] - #45 Require(35) node_modules/egg-session/app.js
                                      ▇ [1ms] - #46 Require(36) node_modules/egg-security/app.js
                                       ▇ [5ms] - #47 Require(37) node_modules/egg-onerror/app.js
                                       ▇ [5ms] - #48 Require(38) node_modules/egg-i18n/app.js
                                       ▇ [2ms] - #49 Require(39) node_modules/egg-watcher/app.js
                                        ▇ [1ms] - #50 Require(40) node_modules/egg-schedule/app.js
                                        ▇ [1ms] - #51 Require(41) node_modules/egg-multipart/app.js
                                        ▇ [0ms] - #52 Require(42) node_modules/egg-development/app.js
                                        ▇ [0ms] - #53 Require(43) node_modules/egg-logrotator/app.js
                                        ▇ [0ms] - #54 Require(44) node_modules/egg-static/app.js
                                        ▇▇▇▇▇▇▇▇ [110ms] - #55 Before Start in node_modules/egg-watcher/lib/init.js:15:14
                                          ▇ [3ms] - #56 Load Service
                                          ▇ [3ms] - #57 Load "service" to Context
                                          ▇▇▇▇ [58ms] - #58 Load Middleware
                                          ▇▇▇▇ [52ms] - #59 Load "middlewares" to Application
                                               ▇ [8ms] - #60 Load Controller
                                               ▇ [8ms] - #61 Load "controller" to Application
                                                ▇ [5ms] - #62 Load Router
                                                ▇ [0ms] - #63 Require(45) app/router.js
                                                ▇ [9ms] - #64 Before Start in node_modules/egg-core/lib/egg.js:304:10
2023-08-22 15:48:08,968 INFO 20208 [egg:core] dump config after ready, 4ms
2023-08-22 16:02:00,526 INFO 20604 [egg:logger] init all loggers with options: {"dir":"C:\\proj\\micro-blog\\egg-server\\logs\\egg-server","encoding":"utf8","env":"local","level":"INFO","consoleLevel":"INFO","disableConsoleAfterReady":false,"outputJSON":false,"buffer":true,"appLogName":"egg-server-web.log","coreLogName":"egg-web.log","agentLogName":"egg-agent.log","errorLogName":"common-error.log","coreLogger":{"consoleLevel":"WARN"},"allowDebugAtProd":false,"enablePerformanceTimer":false,"enableFastContextLogger":false,"type":"application","localStorage":{"enabled":false,"_onPropagate":null}}
2023-08-22 16:02:00,526 INFO 20604 [egg-multipart] stream mode enable
2023-08-22 16:02:00,634 INFO 20604 [egg-static] starting static serve /public/ -> C:\proj\micro-blog\egg-server\app\public
2023-08-22 16:02:00,636 INFO 20604 [egg-security] use csrf middleware
2023-08-22 16:02:00,636 INFO 20604 [egg-security] use methodnoallow middleware
2023-08-22 16:02:00,637 INFO 20604 [egg-security] use noopen middleware
2023-08-22 16:02:00,637 INFO 20604 [egg-security] use nosniff middleware
2023-08-22 16:02:00,638 INFO 20604 [egg-security] use xssProtection middleware
2023-08-22 16:02:00,638 INFO 20604 [egg-security] use xframe middleware
2023-08-22 16:02:00,639 INFO 20604 [egg-security] use dta middleware
2023-08-22 16:02:00,639 INFO 20604 [egg-security] compose 7 middlewares into one security middleware
2023-08-22 16:02:00,648 INFO 20604 [egg:core] dump config after load, 4ms
2023-08-22 16:02:00,659 INFO 20604 [egg-watcher:application] watcher start success
2023-08-22 16:02:00,664 INFO 20604 egg start timeline:
▇▇▇▇▇▇▇▇▇▇▇▇▇▇▇▇▇▇▇▇▇▇▇▇▇▇▇▇▇▇ [386ms] - #0 Process Start
                              ▇▇▇▇▇▇▇▇▇▇▇▇▇▇▇▇▇▇▇ [240ms] - #1 Application Start
                               ▇ [10ms] - #2 Load Plugin
                                ▇ [12ms] - #3 Load Config
                                ▇ [0ms] - #4 Require(0) config/config.default.js
                                ▇ [0ms] - #5 Require(1) node_modules/egg-session/config/config.default.js
                                ▇ [0ms] - #6 Require(2) node_modules/egg-security/config/config.default.js
                                ▇ [0ms] - #7 Require(3) node_modules/egg-jsonp/config/config.default.js
                                ▇ [1ms] - #8 Require(4) node_modules/egg-onerror/config/config.default.js
                                ▇ [0ms] - #9 Require(5) node_modules/egg-i18n/config/config.default.js
                                ▇ [0ms] - #10 Require(6) node_modules/egg-watcher/config/config.default.js
                                ▇ [0ms] - #11 Require(7) node_modules/egg-schedule/config/config.default.js
                                ▇ [1ms] - #12 Require(8) node_modules/egg-multipart/config/config.default.js
                                ▇ [0ms] - #13 Require(9) node_modules/egg-development/config/config.default.js
                                ▇ [0ms] - #14 Require(10) node_modules/egg-logrotator/config/config.default.js
                                ▇ [0ms] - #15 Require(11) node_modules/egg-static/config/config.default.js
                                ▇ [1ms] - #16 Require(12) node_modules/egg-view/config/config.default.js
                                ▇ [0ms] - #17 Require(13) node_modules/egg-cors/config/config.default.js
                                ▇ [1ms] - #18 Require(14) node_modules/egg/config/config.default.js
                                ▇ [0ms] - #19 Require(15) config/config.default.js
                                ▇ [0ms] - #20 Require(16) node_modules/egg-security/config/config.local.js
                                ▇ [0ms] - #21 Require(17) node_modules/egg-watcher/config/config.local.js
                                ▇ [0ms] - #22 Require(18) node_modules/egg-view/config/config.local.js
                                ▇ [1ms] - #23 Require(19) node_modules/egg/config/config.local.js
                                 ▇ [11ms] - #24 Load extend/application.js
                                 ▇ [1ms] - #25 Require(20) node_modules/egg-session/app/extend/application.js
                                 ▇ [0ms] - #26 Require(21) node_modules/egg-security/app/extend/application.js
                                 ▇ [0ms] - #27 Require(22) node_modules/egg-jsonp/app/extend/application.js
                                 ▇ [1ms] - #28 Require(23) node_modules/egg-schedule/app/extend/application.js
                                 ▇ [4ms] - #29 Require(24) node_modules/egg-logrotator/app/extend/application.js
                                 ▇ [1ms] - #30 Require(25) node_modules/egg-view/app/extend/application.js
                                 ▇ [3ms] - #31 Load extend/request.js
                                 ▇ [0ms] - #32 Require(26) node_modules/egg/app/extend/request.js
                                  ▇ [3ms] - #33 Load extend/response.js
                                  ▇ [1ms] - #34 Require(27) node_modules/egg/app/extend/response.js
                                  ▇ [17ms] - #35 Load extend/context.js
                                  ▇ [6ms] - #36 Require(28) node_modules/egg-security/app/extend/context.js
                                  ▇ [1ms] - #37 Require(29) node_modules/egg-jsonp/app/extend/context.js
                                  ▇ [0ms] - #38 Require(30) node_modules/egg-i18n/app/extend/context.js
                                   ▇ [6ms] - #39 Require(31) node_modules/egg-multipart/app/extend/context.js
                                   ▇ [1ms] - #40 Require(32) node_modules/egg-view/app/extend/context.js
                                   ▇ [1ms] - #41 Require(33) node_modules/egg/app/extend/context.js
                                   ▇ [14ms] - #42 Load extend/helper.js
                                   ▇ [11ms] - #43 Require(34) node_modules/egg-security/app/extend/helper.js
                                    ▇ [0ms] - #44 Require(35) node_modules/egg/app/extend/helper.js
                                    ▇ [25ms] - #45 Load app.js
                                    ▇ [1ms] - #46 Require(36) node_modules/egg-session/app.js
                                    ▇ [1ms] - #47 Require(37) node_modules/egg-security/app.js
                                     ▇ [5ms] - #48 Require(38) node_modules/egg-onerror/app.js
                                     ▇ [5ms] - #49 Require(39) node_modules/egg-i18n/app.js
                                     ▇ [2ms] - #50 Require(40) node_modules/egg-watcher/app.js
                                     ▇ [0ms] - #51 Require(41) node_modules/egg-schedule/app.js
                                     ▇ [1ms] - #52 Require(42) node_modules/egg-multipart/app.js
                                      ▇ [1ms] - #53 Require(43) node_modules/egg-development/app.js
                                      ▇ [0ms] - #54 Require(44) node_modules/egg-logrotator/app.js
                                      ▇ [0ms] - #55 Require(45) node_modules/egg-static/app.js
                                      ▇ [7ms] - #56 Require(46) node_modules/egg-cors/app.js
                                       ▇▇▇▇▇▇▇▇▇▇ [130ms] - #57 Before Start in node_modules/egg-watcher/lib/init.js:15:14
                                         ▇ [4ms] - #58 Load Service
                                         ▇ [4ms] - #59 Load "service" to Context
                                         ▇▇▇▇▇▇ [83ms] - #60 Load Middleware
                                         ▇▇▇▇▇▇ [77ms] - #61 Load "middlewares" to Application
                                                ▇ [1ms] - #62 Load Controller
                                                ▇ [1ms] - #63 Load "controller" to Application
                                                ▇ [4ms] - #64 Load Router
                                                ▇ [0ms] - #65 Require(47) app/router.js
                                                ▇ [9ms] - #66 Before Start in node_modules/egg-core/lib/egg.js:304:10
2023-08-22 16:02:00,664 INFO 20604 [egg:core] dump config after ready, 3ms
2023-08-22 16:09:47,063 INFO 14664 [egg:logger] init all loggers with options: {"dir":"C:\\proj\\micro-blog\\egg-server\\logs\\egg-server","encoding":"utf8","env":"local","level":"INFO","consoleLevel":"INFO","disableConsoleAfterReady":false,"outputJSON":false,"buffer":true,"appLogName":"egg-server-web.log","coreLogName":"egg-web.log","agentLogName":"egg-agent.log","errorLogName":"common-error.log","coreLogger":{"consoleLevel":"WARN"},"allowDebugAtProd":false,"enablePerformanceTimer":false,"enableFastContextLogger":false,"type":"application","localStorage":{"enabled":false,"_onPropagate":null}}
2023-08-22 16:09:47,064 INFO 14664 [egg-multipart] stream mode enable
2023-08-22 16:09:47,149 INFO 14664 [egg-static] starting static serve /public/ -> C:\proj\micro-blog\egg-server\app\public
2023-08-22 16:09:47,151 INFO 14664 [egg-security] use csrf middleware
2023-08-22 16:09:47,151 INFO 14664 [egg-security] use methodnoallow middleware
2023-08-22 16:09:47,152 INFO 14664 [egg-security] use noopen middleware
2023-08-22 16:09:47,152 INFO 14664 [egg-security] use nosniff middleware
2023-08-22 16:09:47,153 INFO 14664 [egg-security] use xssProtection middleware
2023-08-22 16:09:47,153 INFO 14664 [egg-security] use xframe middleware
2023-08-22 16:09:47,153 INFO 14664 [egg-security] use dta middleware
2023-08-22 16:09:47,153 INFO 14664 [egg-security] compose 7 middlewares into one security middleware
2023-08-22 16:09:47,163 INFO 14664 [egg:core] dump config after load, 4ms
2023-08-22 16:09:47,173 INFO 14664 [egg-watcher:application] watcher start success
2023-08-22 16:09:47,177 INFO 14664 egg start timeline:
▇▇▇▇▇▇▇▇▇▇▇▇▇▇▇▇▇▇▇▇▇▇▇▇▇▇▇▇▇▇▇▇ [400ms] - #0 Process Start
                                ▇▇▇▇▇▇▇▇▇▇▇▇▇▇▇▇▇ [216ms] - #1 Application Start
                                ▇ [10ms] - #2 Load Plugin
                                 ▇ [18ms] - #3 Load Config
                                 ▇ [6ms] - #4 Require(0) config/config.default.js
                                  ▇ [0ms] - #5 Require(1) node_modules/egg-session/config/config.default.js
                                  ▇ [1ms] - #6 Require(2) node_modules/egg-security/config/config.default.js
                                  ▇ [1ms] - #7 Require(3) node_modules/egg-jsonp/config/config.default.js
                                  ▇ [0ms] - #8 Require(4) node_modules/egg-onerror/config/config.default.js
                                  ▇ [1ms] - #9 Require(5) node_modules/egg-i18n/config/config.default.js
                                  ▇ [0ms] - #10 Require(6) node_modules/egg-watcher/config/config.default.js
                                  ▇ [1ms] - #11 Require(7) node_modules/egg-schedule/config/config.default.js
                                  ▇ [0ms] - #12 Require(8) node_modules/egg-multipart/config/config.default.js
                                  ▇ [0ms] - #13 Require(9) node_modules/egg-development/config/config.default.js
                                  ▇ [0ms] - #14 Require(10) node_modules/egg-logrotator/config/config.default.js
                                  ▇ [0ms] - #15 Require(11) node_modules/egg-static/config/config.default.js
                                  ▇ [0ms] - #16 Require(12) node_modules/egg-view/config/config.default.js
                                  ▇ [0ms] - #17 Require(13) node_modules/egg-cors/config/config.default.js
                                  ▇ [0ms] - #18 Require(14) node_modules/egg/config/config.default.js
                                  ▇ [0ms] - #19 Require(15) config/config.default.js
                                  ▇ [1ms] - #20 Require(16) node_modules/egg-security/config/config.local.js
                                   ▇ [0ms] - #21 Require(17) node_modules/egg-watcher/config/config.local.js
                                   ▇ [0ms] - #22 Require(18) node_modules/egg-view/config/config.local.js
                                   ▇ [0ms] - #23 Require(19) node_modules/egg/config/config.local.js
                                   ▇ [11ms] - #24 Load extend/application.js
                                   ▇ [0ms] - #25 Require(20) node_modules/egg-session/app/extend/application.js
                                   ▇ [1ms] - #26 Require(21) node_modules/egg-security/app/extend/application.js
                                   ▇ [1ms] - #27 Require(22) node_modules/egg-jsonp/app/extend/application.js
                                   ▇ [1ms] - #28 Require(23) node_modules/egg-schedule/app/extend/application.js
                                   ▇ [4ms] - #29 Require(24) node_modules/egg-logrotator/app/extend/application.js
                                   ▇ [1ms] - #30 Require(25) node_modules/egg-view/app/extend/application.js
                                    ▇ [4ms] - #31 Load extend/request.js
                                    ▇ [0ms] - #32 Require(26) node_modules/egg/app/extend/request.js
                                    ▇ [3ms] - #33 Load extend/response.js
                                    ▇ [1ms] - #34 Require(27) node_modules/egg/app/extend/response.js
                                    ▇ [18ms] - #35 Load extend/context.js
                                    ▇ [6ms] - #36 Require(28) node_modules/egg-security/app/extend/context.js
                                     ▇ [1ms] - #37 Require(29) node_modules/egg-jsonp/app/extend/context.js
                                     ▇ [1ms] - #38 Require(30) node_modules/egg-i18n/app/extend/context.js
                                     ▇ [6ms] - #39 Require(31) node_modules/egg-multipart/app/extend/context.js
                                     ▇ [1ms] - #40 Require(32) node_modules/egg-view/app/extend/context.js
                                     ▇ [1ms] - #41 Require(33) node_modules/egg/app/extend/context.js
                                      ▇ [14ms] - #42 Load extend/helper.js
                                      ▇ [12ms] - #43 Require(34) node_modules/egg-security/app/extend/helper.js
                                       ▇ [0ms] - #44 Require(35) node_modules/egg/app/extend/helper.js
                                       ▇ [18ms] - #45 Load app.js
                                       ▇ [0ms] - #46 Require(36) node_modules/egg-session/app.js
                                       ▇ [1ms] - #47 Require(37) node_modules/egg-security/app.js
                                       ▇ [5ms] - #48 Require(38) node_modules/egg-onerror/app.js
                                       ▇ [5ms] - #49 Require(39) node_modules/egg-i18n/app.js
                                        ▇ [2ms] - #50 Require(40) node_modules/egg-watcher/app.js
                                        ▇ [0ms] - #51 Require(41) node_modules/egg-schedule/app.js
                                        ▇ [1ms] - #52 Require(42) node_modules/egg-multipart/app.js
                                        ▇ [0ms] - #53 Require(43) node_modules/egg-development/app.js
                                        ▇ [0ms] - #54 Require(44) node_modules/egg-logrotator/app.js
                                        ▇ [0ms] - #55 Require(45) node_modules/egg-static/app.js
                                        ▇ [1ms] - #56 Require(46) node_modules/egg-cors/app.js
                                         ▇▇▇▇▇▇▇▇ [106ms] - #57 Before Start in node_modules/egg-watcher/lib/init.js:15:14
                                          ▇ [4ms] - #58 Load Service
                                          ▇ [3ms] - #59 Load "service" to Context
                                           ▇▇▇▇ [61ms] - #60 Load Middleware
                                           ▇▇▇▇ [55ms] - #61 Load "middlewares" to Application
                                                ▇ [1ms] - #62 Load Controller
                                                ▇ [1ms] - #63 Load "controller" to Application
                                                ▇ [4ms] - #64 Load Router
                                                ▇ [0ms] - #65 Require(47) app/router.js
                                                ▇ [10ms] - #66 Before Start in node_modules/egg-core/lib/egg.js:304:10
2023-08-22 16:09:47,178 INFO 14664 [egg:core] dump config after ready, 4ms
2023-08-22 16:10:41,168 INFO 21312 [egg:logger] init all loggers with options: {"dir":"C:\\proj\\micro-blog\\egg-server\\logs\\egg-server","encoding":"utf8","env":"local","level":"INFO","consoleLevel":"INFO","disableConsoleAfterReady":false,"outputJSON":false,"buffer":true,"appLogName":"egg-server-web.log","coreLogName":"egg-web.log","agentLogName":"egg-agent.log","errorLogName":"common-error.log","coreLogger":{"consoleLevel":"WARN"},"allowDebugAtProd":false,"enablePerformanceTimer":false,"enableFastContextLogger":false,"type":"application","localStorage":{"enabled":false,"_onPropagate":null}}
2023-08-22 16:10:41,168 INFO 21312 [egg-multipart] stream mode enable
2023-08-22 16:10:41,253 INFO 21312 [egg-static] starting static serve /public/ -> C:\proj\micro-blog\egg-server\app\public
2023-08-22 16:10:41,255 INFO 21312 [egg-security] use csrf middleware
2023-08-22 16:10:41,256 INFO 21312 [egg-security] use methodnoallow middleware
2023-08-22 16:10:41,256 INFO 21312 [egg-security] use noopen middleware
2023-08-22 16:10:41,257 INFO 21312 [egg-security] use nosniff middleware
2023-08-22 16:10:41,257 INFO 21312 [egg-security] use xssProtection middleware
2023-08-22 16:10:41,257 INFO 21312 [egg-security] use xframe middleware
2023-08-22 16:10:41,258 INFO 21312 [egg-security] use dta middleware
2023-08-22 16:10:41,258 INFO 21312 [egg-security] compose 7 middlewares into one security middleware
2023-08-22 16:10:41,278 INFO 21312 [egg:core] dump config after load, 4ms
2023-08-22 16:10:41,286 INFO 21312 [egg-watcher:application] watcher start success
2023-08-22 16:10:41,291 INFO 21312 egg start timeline:
▇▇▇▇▇▇▇▇▇▇▇▇▇▇▇▇▇▇▇▇▇▇▇▇▇▇▇▇▇▇▇ [391ms] - #0 Process Start
                               ▇▇▇▇▇▇▇▇▇▇▇▇▇▇▇▇▇ [217ms] - #1 Application Start
                                ▇ [9ms] - #2 Load Plugin
                                 ▇ [12ms] - #3 Load Config
                                 ▇ [0ms] - #4 Require(0) config/config.default.js
                                 ▇ [0ms] - #5 Require(1) node_modules/egg-session/config/config.default.js
                                 ▇ [0ms] - #6 Require(2) node_modules/egg-security/config/config.default.js
                                 ▇ [0ms] - #7 Require(3) node_modules/egg-jsonp/config/config.default.js
                                 ▇ [0ms] - #8 Require(4) node_modules/egg-onerror/config/config.default.js
                                 ▇ [0ms] - #9 Require(5) node_modules/egg-i18n/config/config.default.js
                                 ▇ [0ms] - #10 Require(6) node_modules/egg-watcher/config/config.default.js
                                 ▇ [0ms] - #11 Require(7) node_modules/egg-schedule/config/config.default.js
                                 ▇ [0ms] - #12 Require(8) node_modules/egg-multipart/config/config.default.js
                                 ▇ [0ms] - #13 Require(9) node_modules/egg-development/config/config.default.js
                                 ▇ [0ms] - #14 Require(10) node_modules/egg-logrotator/config/config.default.js
                                 ▇ [0ms] - #15 Require(11) node_modules/egg-static/config/config.default.js
                                  ▇ [0ms] - #16 Require(12) node_modules/egg-view/config/config.default.js
                                  ▇ [0ms] - #17 Require(13) node_modules/egg-cors/config/config.default.js
                                  ▇ [0ms] - #18 Require(14) node_modules/egg/config/config.default.js
                                  ▇ [0ms] - #19 Require(15) config/config.default.js
                                  ▇ [0ms] - #20 Require(16) node_modules/egg-security/config/config.local.js
                                  ▇ [0ms] - #21 Require(17) node_modules/egg-watcher/config/config.local.js
                                  ▇ [0ms] - #22 Require(18) node_modules/egg-view/config/config.local.js
                                  ▇ [0ms] - #23 Require(19) node_modules/egg/config/config.local.js
                                  ▇ [11ms] - #24 Load extend/application.js
                                  ▇ [1ms] - #25 Require(20) node_modules/egg-session/app/extend/application.js
                                  ▇ [0ms] - #26 Require(21) node_modules/egg-security/app/extend/application.js
                                  ▇ [0ms] - #27 Require(22) node_modules/egg-jsonp/app/extend/application.js
                                  ▇ [1ms] - #28 Require(23) node_modules/egg-schedule/app/extend/application.js
                                  ▇ [4ms] - #29 Require(24) node_modules/egg-logrotator/app/extend/application.js
                                   ▇ [1ms] - #30 Require(25) node_modules/egg-view/app/extend/application.js
                                   ▇ [3ms] - #31 Load extend/request.js
                                   ▇ [0ms] - #32 Require(26) node_modules/egg/app/extend/request.js
                                   ▇ [4ms] - #33 Load extend/response.js
                                   ▇ [1ms] - #34 Require(27) node_modules/egg/app/extend/response.js
                                   ▇ [17ms] - #35 Load extend/context.js
                                   ▇ [5ms] - #36 Require(28) node_modules/egg-security/app/extend/context.js
                                    ▇ [1ms] - #37 Require(29) node_modules/egg-jsonp/app/extend/context.js
                                    ▇ [0ms] - #38 Require(30) node_modules/egg-i18n/app/extend/context.js
                                    ▇ [7ms] - #39 Require(31) node_modules/egg-multipart/app/extend/context.js
                                     ▇ [1ms] - #40 Require(32) node_modules/egg-view/app/extend/context.js
                                     ▇ [1ms] - #41 Require(33) node_modules/egg/app/extend/context.js
                                     ▇ [13ms] - #42 Load extend/helper.js
                                     ▇ [11ms] - #43 Require(34) node_modules/egg-security/app/extend/helper.js
                                      ▇ [0ms] - #44 Require(35) node_modules/egg/app/extend/helper.js
                                      ▇ [17ms] - #45 Load app.js
                                      ▇ [0ms] - #46 Require(36) node_modules/egg-session/app.js
                                      ▇ [1ms] - #47 Require(37) node_modules/egg-security/app.js
                                      ▇ [5ms] - #48 Require(38) node_modules/egg-onerror/app.js
                                      ▇ [5ms] - #49 Require(39) node_modules/egg-i18n/app.js
                                       ▇ [2ms] - #50 Require(40) node_modules/egg-watcher/app.js
                                       ▇ [1ms] - #51 Require(41) node_modules/egg-schedule/app.js
                                       ▇ [1ms] - #52 Require(42) node_modules/egg-multipart/app.js
                                       ▇ [0ms] - #53 Require(43) node_modules/egg-development/app.js
                                       ▇ [0ms] - #54 Require(44) node_modules/egg-logrotator/app.js
                                       ▇ [0ms] - #55 Require(45) node_modules/egg-static/app.js
                                       ▇ [0ms] - #56 Require(46) node_modules/egg-cors/app.js
                                        ▇▇▇▇▇▇▇▇▇ [115ms] - #57 Before Start in node_modules/egg-watcher/lib/init.js:15:14
                                          ▇ [4ms] - #58 Load Service
                                          ▇ [4ms] - #59 Load "service" to Context
                                          ▇▇▇▇ [60ms] - #60 Load Middleware
                                          ▇▇▇▇ [54ms] - #61 Load "middlewares" to Application
                                               ▇ [11ms] - #62 Load Controller
                                               ▇ [11ms] - #63 Load "controller" to Application
                                                ▇ [5ms] - #64 Load Router
                                                ▇ [0ms] - #65 Require(47) app/router.js
                                                ▇ [10ms] - #66 Before Start in node_modules/egg-core/lib/egg.js:304:10
2023-08-22 16:10:41,291 INFO 21312 [egg:core] dump config after ready, 3ms
